<?xml version="1.0" encoding="UTF-8"?>
<!-- Generated by org.testng.reporters.JUnitXMLReporter -->
<testsuite hostname="DESKTOP-ACFHNHV" ignored="0" name="Run on Chrome UI" tests="4" failures="1" timestamp="24 Nov 2020 11:25:00 GMT" time="22.798" errors="0">
  <testcase name="TC_01_Register_Empty_Data" time="1.873" classname="com.nopcommerce.common.Common_01_Register"/>
  <testcase name="TC_02_Register_Wrong_Email" time="3.644" classname="com.nopcommerce.common.Common_01_Register"/>
  <testcase name="TC_03_Register_Pass_At_Least_6" time="1.969" classname="com.nopcommerce.common.Common_01_Register">
    <failure type="java.lang.AssertionError" message="expected [Password must meet the following rules:
must have at least 6 character] but found [Password must meet the following rules:
must have at least 6 characters]">
      <![CDATA[java.lang.AssertionError: expected [Password must meet the following rules:
must have at least 6 character] but found [Password must meet the following rules:
must have at least 6 characters]
at commons.AbstractTest.checkEquals(AbstractTest.java:206)
at commons.AbstractTest.verifyEquals(AbstractTest.java:218)
at com.nopcommerce.common.Common_01_Register.TC_03_Register_Pass_At_Least_6(Common_01_Register.java:107)
at java.util.concurrent.FutureTask.run(FutureTask.java:266)
at java.util.concurrent.ThreadPoolExecutor.runWorker(ThreadPoolExecutor.java:1149)
at java.util.concurrent.ThreadPoolExecutor$Worker.run(ThreadPoolExecutor.java:624)
at java.lang.Thread.run(Thread.java:748)
... Removed 21 stack frames]]>
    </failure>
  </testcase> <!-- TC_03_Register_Pass_At_Least_6 -->
  <testcase name="TC_04_Register_Succes" time="7.371" classname="com.nopcommerce.common.Common_01_Register"/>
</testsuite> <!-- Run on Chrome UI -->
