<?xml version="1.0" encoding="UTF-8"?>
<!-- Generated by org.testng.reporters.JUnitXMLReporter -->
<testsuite hostname="DESKTOP-ACFHNHV" ignored="0" name="Run on FireFox UI" tests="4" failures="4" timestamp="23 Nov 2020 11:26:51 GMT" time="5.626" errors="0">
  <testcase name="TC_01_Register_Empty_Data" time="0.008" classname="com.nopcommerce.common.Common_01_Register">
    <failure type="java.lang.NullPointerException">
      <![CDATA[java.lang.NullPointerException
at com.nopcommerce.common.Common_01_Register.TC_01_Register_Empty_Data(Common_01_Register.java:48)
at java.util.concurrent.FutureTask.run(FutureTask.java:266)
at java.util.concurrent.ThreadPoolExecutor.runWorker(ThreadPoolExecutor.java:1149)
at java.util.concurrent.ThreadPoolExecutor$Worker.run(ThreadPoolExecutor.java:624)
at java.lang.Thread.run(Thread.java:748)
... Removed 16 stack frames]]>
    </failure>
  </testcase> <!-- TC_01_Register_Empty_Data -->
  <testcase name="TC_02_Register_Wrong_Email" time="0.001" classname="com.nopcommerce.common.Common_01_Register">
    <failure type="java.lang.NullPointerException">
      <![CDATA[java.lang.NullPointerException
at com.nopcommerce.common.Common_01_Register.TC_02_Register_Wrong_Email(Common_01_Register.java:74)
at java.util.concurrent.FutureTask.run(FutureTask.java:266)
at java.util.concurrent.ThreadPoolExecutor.runWorker(ThreadPoolExecutor.java:1149)
at java.util.concurrent.ThreadPoolExecutor$Worker.run(ThreadPoolExecutor.java:624)
at java.lang.Thread.run(Thread.java:748)
... Removed 16 stack frames]]>
    </failure>
  </testcase> <!-- TC_02_Register_Wrong_Email -->
  <testcase name="TC_03_Register_Pass_At_Least_6" time="0.0" classname="com.nopcommerce.common.Common_01_Register">
    <failure type="java.lang.NullPointerException">
      <![CDATA[java.lang.NullPointerException
at com.nopcommerce.common.Common_01_Register.TC_03_Register_Pass_At_Least_6(Common_01_Register.java:99)
at java.util.concurrent.FutureTask.run(FutureTask.java:266)
at java.util.concurrent.ThreadPoolExecutor.runWorker(ThreadPoolExecutor.java:1149)
at java.util.concurrent.ThreadPoolExecutor$Worker.run(ThreadPoolExecutor.java:624)
at java.lang.Thread.run(Thread.java:748)
... Removed 16 stack frames]]>
    </failure>
  </testcase> <!-- TC_03_Register_Pass_At_Least_6 -->
  <testcase name="TC_04_Register_Succes" time="0.001" classname="com.nopcommerce.common.Common_01_Register">
    <failure type="java.lang.NullPointerException">
      <![CDATA[java.lang.NullPointerException
at com.nopcommerce.common.Common_01_Register.TC_04_Register_Succes(Common_01_Register.java:110)
at java.util.concurrent.FutureTask.run(FutureTask.java:266)
at java.util.concurrent.ThreadPoolExecutor.runWorker(ThreadPoolExecutor.java:1149)
at java.util.concurrent.ThreadPoolExecutor$Worker.run(ThreadPoolExecutor.java:624)
at java.lang.Thread.run(Thread.java:748)
... Removed 16 stack frames]]>
    </failure>
  </testcase> <!-- TC_04_Register_Succes -->
</testsuite> <!-- Run on FireFox UI -->
