<?xml version="1.0" encoding="UTF-8"?>
<testsuite xmlns:xsi="http://www.w3.org/2001/XMLSchema-instance" xsi:noNamespaceSchemaLocation="https://maven.apache.org/surefire/maven-surefire-plugin/xsd/surefire-test-report.xsd" name="TestSuite" time="0.259" tests="3" errors="0" skipped="2" failures="1">
  <properties>
[...]
</properties>
  <testcase name="beforeClass" classname="reportConfig.ReportV4" time="0.202">
    <failure message="&#10;Parameter &apos;url&apos; is required by BeforeClass on method beforeClass but has not been marked @Optional or defined&#10;in D:\Automation\7. mvn-pom-nopcommerce\src\test\resources\TestReportV4.xml" type="org.testng.TestNGException">org.testng.TestNGException: 

Parameter 'url' is required by BeforeClass on method beforeClass but has not been marked @Optional or defined
in D:\Automation\7. mvn-pom-nopcommerce\src\test\resources\TestReportV4.xml
</failure>
    <system-out><![CDATA[[TestNGContentHandler] [WARN] It is strongly recommended to add "<!DOCTYPE suite SYSTEM "http://testng.org/testng-1.0.dtd" >" at the top of your file, otherwise TestNG may fail or not work as expected.
]]></system-out>
  </testcase>
  <testcase name="TC_01" classname="reportConfig.ReportV4" time="0">
    <skipped message="&#10;Parameter &apos;url&apos; is required by BeforeClass on method beforeClass but has not been marked @Optional or defined&#10;in D:\Automation\7. mvn-pom-nopcommerce\src\test\resources\TestReportV4.xml"/>
  </testcase>
  <testcase name="afterClass" classname="reportConfig.ReportV4" time="0">
    <skipped/>
  </testcase>
</testsuite>