<?xml version="1.0" encoding="UTF-8"?>
<testng-results skipped="15" failed="0" ignored="0" total="15" passed="0">
  <reporter-output>
  </reporter-output>
  <suite name="Suite" duration-ms="307" started-at="2020-12-03T11:32:50Z" finished-at="2020-12-03T11:32:50Z">
    <groups>
    </groups>
    <test name="Run on chrome UI" duration-ms="307" started-at="2020-12-03T11:32:50Z" finished-at="2020-12-03T11:32:50Z">
      <class name="com.nopcommerce.users.Level_10_Admin">
        <test-method status="FAIL" signature="beforeClass(java.lang.String)[pri:0, instance:com.nopcommerce.users.Level_10_Admin@6058e535]" name="beforeClass" is-config="true" duration-ms="0" started-at="2020-12-03T11:32:50Z" finished-at="2020-12-03T11:32:50Z">
          <exception class="org.testng.TestNGException">
            <message>
              <![CDATA[
Method beforeClass requires 1 parameters but 2 were supplied in the BeforeClass annotation.]]>
            </message>
            <full-stacktrace>
              <![CDATA[org.testng.TestNGException: 
Method beforeClass requires 1 parameters but 2 were supplied in the BeforeClass annotation.
at org.testng.internal.Parameters.checkParameterTypes(Parameters.java:415)
at org.testng.internal.Parameters.createParametersForMethod(Parameters.java:356)
at org.testng.internal.Parameters.createParameters(Parameters.java:620)
at org.testng.internal.Parameters.createConfigurationParameters(Parameters.java:190)
at org.testng.internal.Invoker.invokeConfigurations(Invoker.java:209)
at org.testng.internal.Invoker.invokeConfigurations(Invoker.java:142)
at org.testng.internal.TestMethodWorker.invokeBeforeClassMethods(TestMethodWorker.java:168)
at org.testng.internal.TestMethodWorker.run(TestMethodWorker.java:105)
at org.testng.TestRunner.privateRun(TestRunner.java:648)
at org.testng.TestRunner.run(TestRunner.java:505)
at org.testng.SuiteRunner.runTest(SuiteRunner.java:455)
at org.testng.SuiteRunner.access$000(SuiteRunner.java:40)
at org.testng.SuiteRunner$SuiteWorker.run(SuiteRunner.java:489)
at org.testng.internal.thread.ThreadUtil$1.call(ThreadUtil.java:52)
at java.util.concurrent.FutureTask.run(FutureTask.java:266)
at java.util.concurrent.ThreadPoolExecutor.runWorker(ThreadPoolExecutor.java:1149)
at java.util.concurrent.ThreadPoolExecutor$Worker.run(ThreadPoolExecutor.java:624)
at java.lang.Thread.run(Thread.java:748)
]]>
            </full-stacktrace>
          </exception> <!-- org.testng.TestNGException -->
          <reporter-output>
          </reporter-output>
        </test-method> <!-- beforeClass -->
        <test-method status="SKIP" signature="TC_01_Login_success()[pri:0, instance:com.nopcommerce.users.Level_10_Admin@6058e535]" name="TC_01_Login_success" duration-ms="0" started-at="2020-12-03T11:32:50Z" finished-at="2020-12-03T11:32:50Z">
          <exception class="org.testng.TestNGException">
            <message>
              <![CDATA[
Method beforeClass requires 1 parameters but 2 were supplied in the BeforeClass annotation.]]>
            </message>
            <full-stacktrace>
              <![CDATA[org.testng.TestNGException: 
Method beforeClass requires 1 parameters but 2 were supplied in the BeforeClass annotation.
at org.testng.internal.Parameters.checkParameterTypes(Parameters.java:415)
at org.testng.internal.Parameters.createParametersForMethod(Parameters.java:356)
at org.testng.internal.Parameters.createParameters(Parameters.java:620)
at org.testng.internal.Parameters.createConfigurationParameters(Parameters.java:190)
at org.testng.internal.Invoker.invokeConfigurations(Invoker.java:209)
at org.testng.internal.Invoker.invokeConfigurations(Invoker.java:142)
at org.testng.internal.TestMethodWorker.invokeBeforeClassMethods(TestMethodWorker.java:168)
at org.testng.internal.TestMethodWorker.run(TestMethodWorker.java:105)
at org.testng.TestRunner.privateRun(TestRunner.java:648)
at org.testng.TestRunner.run(TestRunner.java:505)
at org.testng.SuiteRunner.runTest(SuiteRunner.java:455)
at org.testng.SuiteRunner.access$000(SuiteRunner.java:40)
at org.testng.SuiteRunner$SuiteWorker.run(SuiteRunner.java:489)
at org.testng.internal.thread.ThreadUtil$1.call(ThreadUtil.java:52)
at java.util.concurrent.FutureTask.run(FutureTask.java:266)
at java.util.concurrent.ThreadPoolExecutor.runWorker(ThreadPoolExecutor.java:1149)
at java.util.concurrent.ThreadPoolExecutor$Worker.run(ThreadPoolExecutor.java:624)
at java.lang.Thread.run(Thread.java:748)
]]>
            </full-stacktrace>
          </exception> <!-- org.testng.TestNGException -->
          <reporter-output>
          </reporter-output>
        </test-method> <!-- TC_01_Login_success -->
        <test-method status="SKIP" signature="TC_02_Search_With_Product_Name()[pri:0, instance:com.nopcommerce.users.Level_10_Admin@6058e535]" name="TC_02_Search_With_Product_Name" duration-ms="0" started-at="2020-12-03T11:32:50Z" finished-at="2020-12-03T11:32:50Z">
          <exception class="org.testng.TestNGException">
            <message>
              <![CDATA[
Method beforeClass requires 1 parameters but 2 were supplied in the BeforeClass annotation.]]>
            </message>
            <full-stacktrace>
              <![CDATA[org.testng.TestNGException: 
Method beforeClass requires 1 parameters but 2 were supplied in the BeforeClass annotation.
at org.testng.internal.Parameters.checkParameterTypes(Parameters.java:415)
at org.testng.internal.Parameters.createParametersForMethod(Parameters.java:356)
at org.testng.internal.Parameters.createParameters(Parameters.java:620)
at org.testng.internal.Parameters.createConfigurationParameters(Parameters.java:190)
at org.testng.internal.Invoker.invokeConfigurations(Invoker.java:209)
at org.testng.internal.Invoker.invokeConfigurations(Invoker.java:142)
at org.testng.internal.TestMethodWorker.invokeBeforeClassMethods(TestMethodWorker.java:168)
at org.testng.internal.TestMethodWorker.run(TestMethodWorker.java:105)
at org.testng.TestRunner.privateRun(TestRunner.java:648)
at org.testng.TestRunner.run(TestRunner.java:505)
at org.testng.SuiteRunner.runTest(SuiteRunner.java:455)
at org.testng.SuiteRunner.access$000(SuiteRunner.java:40)
at org.testng.SuiteRunner$SuiteWorker.run(SuiteRunner.java:489)
at org.testng.internal.thread.ThreadUtil$1.call(ThreadUtil.java:52)
at java.util.concurrent.FutureTask.run(FutureTask.java:266)
at java.util.concurrent.ThreadPoolExecutor.runWorker(ThreadPoolExecutor.java:1149)
at java.util.concurrent.ThreadPoolExecutor$Worker.run(ThreadPoolExecutor.java:624)
at java.lang.Thread.run(Thread.java:748)
]]>
            </full-stacktrace>
          </exception> <!-- org.testng.TestNGException -->
          <reporter-output>
          </reporter-output>
        </test-method> <!-- TC_02_Search_With_Product_Name -->
        <test-method status="SKIP" signature="TC_03_Search_With_Product_Name_And_Parent_Category_Unchecked()[pri:0, instance:com.nopcommerce.users.Level_10_Admin@6058e535]" name="TC_03_Search_With_Product_Name_And_Parent_Category_Unchecked" duration-ms="0" started-at="2020-12-03T11:32:50Z" finished-at="2020-12-03T11:32:50Z">
          <exception class="org.testng.TestNGException">
            <message>
              <![CDATA[
Method beforeClass requires 1 parameters but 2 were supplied in the BeforeClass annotation.]]>
            </message>
            <full-stacktrace>
              <![CDATA[org.testng.TestNGException: 
Method beforeClass requires 1 parameters but 2 were supplied in the BeforeClass annotation.
at org.testng.internal.Parameters.checkParameterTypes(Parameters.java:415)
at org.testng.internal.Parameters.createParametersForMethod(Parameters.java:356)
at org.testng.internal.Parameters.createParameters(Parameters.java:620)
at org.testng.internal.Parameters.createConfigurationParameters(Parameters.java:190)
at org.testng.internal.Invoker.invokeConfigurations(Invoker.java:209)
at org.testng.internal.Invoker.invokeConfigurations(Invoker.java:142)
at org.testng.internal.TestMethodWorker.invokeBeforeClassMethods(TestMethodWorker.java:168)
at org.testng.internal.TestMethodWorker.run(TestMethodWorker.java:105)
at org.testng.TestRunner.privateRun(TestRunner.java:648)
at org.testng.TestRunner.run(TestRunner.java:505)
at org.testng.SuiteRunner.runTest(SuiteRunner.java:455)
at org.testng.SuiteRunner.access$000(SuiteRunner.java:40)
at org.testng.SuiteRunner$SuiteWorker.run(SuiteRunner.java:489)
at org.testng.internal.thread.ThreadUtil$1.call(ThreadUtil.java:52)
at java.util.concurrent.FutureTask.run(FutureTask.java:266)
at java.util.concurrent.ThreadPoolExecutor.runWorker(ThreadPoolExecutor.java:1149)
at java.util.concurrent.ThreadPoolExecutor$Worker.run(ThreadPoolExecutor.java:624)
at java.lang.Thread.run(Thread.java:748)
]]>
            </full-stacktrace>
          </exception> <!-- org.testng.TestNGException -->
          <reporter-output>
          </reporter-output>
        </test-method> <!-- TC_03_Search_With_Product_Name_And_Parent_Category_Unchecked -->
        <test-method status="SKIP" signature="TC_04_Search_With_Product_Name_And_Parent_Category_checked()[pri:0, instance:com.nopcommerce.users.Level_10_Admin@6058e535]" name="TC_04_Search_With_Product_Name_And_Parent_Category_checked" duration-ms="0" started-at="2020-12-03T11:32:50Z" finished-at="2020-12-03T11:32:50Z">
          <exception class="org.testng.TestNGException">
            <message>
              <![CDATA[
Method beforeClass requires 1 parameters but 2 were supplied in the BeforeClass annotation.]]>
            </message>
            <full-stacktrace>
              <![CDATA[org.testng.TestNGException: 
Method beforeClass requires 1 parameters but 2 were supplied in the BeforeClass annotation.
at org.testng.internal.Parameters.checkParameterTypes(Parameters.java:415)
at org.testng.internal.Parameters.createParametersForMethod(Parameters.java:356)
at org.testng.internal.Parameters.createParameters(Parameters.java:620)
at org.testng.internal.Parameters.createConfigurationParameters(Parameters.java:190)
at org.testng.internal.Invoker.invokeConfigurations(Invoker.java:209)
at org.testng.internal.Invoker.invokeConfigurations(Invoker.java:142)
at org.testng.internal.TestMethodWorker.invokeBeforeClassMethods(TestMethodWorker.java:168)
at org.testng.internal.TestMethodWorker.run(TestMethodWorker.java:105)
at org.testng.TestRunner.privateRun(TestRunner.java:648)
at org.testng.TestRunner.run(TestRunner.java:505)
at org.testng.SuiteRunner.runTest(SuiteRunner.java:455)
at org.testng.SuiteRunner.access$000(SuiteRunner.java:40)
at org.testng.SuiteRunner$SuiteWorker.run(SuiteRunner.java:489)
at org.testng.internal.thread.ThreadUtil$1.call(ThreadUtil.java:52)
at java.util.concurrent.FutureTask.run(FutureTask.java:266)
at java.util.concurrent.ThreadPoolExecutor.runWorker(ThreadPoolExecutor.java:1149)
at java.util.concurrent.ThreadPoolExecutor$Worker.run(ThreadPoolExecutor.java:624)
at java.lang.Thread.run(Thread.java:748)
]]>
            </full-stacktrace>
          </exception> <!-- org.testng.TestNGException -->
          <reporter-output>
          </reporter-output>
        </test-method> <!-- TC_04_Search_With_Product_Name_And_Parent_Category_checked -->
        <test-method status="SKIP" signature="TC_05_Search_With_Product_Name_And_Child_Category()[pri:0, instance:com.nopcommerce.users.Level_10_Admin@6058e535]" name="TC_05_Search_With_Product_Name_And_Child_Category" duration-ms="0" started-at="2020-12-03T11:32:50Z" finished-at="2020-12-03T11:32:50Z">
          <exception class="org.testng.TestNGException">
            <message>
              <![CDATA[
Method beforeClass requires 1 parameters but 2 were supplied in the BeforeClass annotation.]]>
            </message>
            <full-stacktrace>
              <![CDATA[org.testng.TestNGException: 
Method beforeClass requires 1 parameters but 2 were supplied in the BeforeClass annotation.
at org.testng.internal.Parameters.checkParameterTypes(Parameters.java:415)
at org.testng.internal.Parameters.createParametersForMethod(Parameters.java:356)
at org.testng.internal.Parameters.createParameters(Parameters.java:620)
at org.testng.internal.Parameters.createConfigurationParameters(Parameters.java:190)
at org.testng.internal.Invoker.invokeConfigurations(Invoker.java:209)
at org.testng.internal.Invoker.invokeConfigurations(Invoker.java:142)
at org.testng.internal.TestMethodWorker.invokeBeforeClassMethods(TestMethodWorker.java:168)
at org.testng.internal.TestMethodWorker.run(TestMethodWorker.java:105)
at org.testng.TestRunner.privateRun(TestRunner.java:648)
at org.testng.TestRunner.run(TestRunner.java:505)
at org.testng.SuiteRunner.runTest(SuiteRunner.java:455)
at org.testng.SuiteRunner.access$000(SuiteRunner.java:40)
at org.testng.SuiteRunner$SuiteWorker.run(SuiteRunner.java:489)
at org.testng.internal.thread.ThreadUtil$1.call(ThreadUtil.java:52)
at java.util.concurrent.FutureTask.run(FutureTask.java:266)
at java.util.concurrent.ThreadPoolExecutor.runWorker(ThreadPoolExecutor.java:1149)
at java.util.concurrent.ThreadPoolExecutor$Worker.run(ThreadPoolExecutor.java:624)
at java.lang.Thread.run(Thread.java:748)
]]>
            </full-stacktrace>
          </exception> <!-- org.testng.TestNGException -->
          <reporter-output>
          </reporter-output>
        </test-method> <!-- TC_05_Search_With_Product_Name_And_Child_Category -->
        <test-method status="SKIP" signature="TC_06_Search_With_Product_Name_Manufacturer()[pri:0, instance:com.nopcommerce.users.Level_10_Admin@6058e535]" name="TC_06_Search_With_Product_Name_Manufacturer" duration-ms="0" started-at="2020-12-03T11:32:50Z" finished-at="2020-12-03T11:32:50Z">
          <exception class="org.testng.TestNGException">
            <message>
              <![CDATA[
Method beforeClass requires 1 parameters but 2 were supplied in the BeforeClass annotation.]]>
            </message>
            <full-stacktrace>
              <![CDATA[org.testng.TestNGException: 
Method beforeClass requires 1 parameters but 2 were supplied in the BeforeClass annotation.
at org.testng.internal.Parameters.checkParameterTypes(Parameters.java:415)
at org.testng.internal.Parameters.createParametersForMethod(Parameters.java:356)
at org.testng.internal.Parameters.createParameters(Parameters.java:620)
at org.testng.internal.Parameters.createConfigurationParameters(Parameters.java:190)
at org.testng.internal.Invoker.invokeConfigurations(Invoker.java:209)
at org.testng.internal.Invoker.invokeConfigurations(Invoker.java:142)
at org.testng.internal.TestMethodWorker.invokeBeforeClassMethods(TestMethodWorker.java:168)
at org.testng.internal.TestMethodWorker.run(TestMethodWorker.java:105)
at org.testng.TestRunner.privateRun(TestRunner.java:648)
at org.testng.TestRunner.run(TestRunner.java:505)
at org.testng.SuiteRunner.runTest(SuiteRunner.java:455)
at org.testng.SuiteRunner.access$000(SuiteRunner.java:40)
at org.testng.SuiteRunner$SuiteWorker.run(SuiteRunner.java:489)
at org.testng.internal.thread.ThreadUtil$1.call(ThreadUtil.java:52)
at java.util.concurrent.FutureTask.run(FutureTask.java:266)
at java.util.concurrent.ThreadPoolExecutor.runWorker(ThreadPoolExecutor.java:1149)
at java.util.concurrent.ThreadPoolExecutor$Worker.run(ThreadPoolExecutor.java:624)
at java.lang.Thread.run(Thread.java:748)
]]>
            </full-stacktrace>
          </exception> <!-- org.testng.TestNGException -->
          <reporter-output>
          </reporter-output>
        </test-method> <!-- TC_06_Search_With_Product_Name_Manufacturer -->
        <test-method status="SKIP" signature="TC_07_Go_Directly_To_Product_SKU()[pri:0, instance:com.nopcommerce.users.Level_10_Admin@6058e535]" name="TC_07_Go_Directly_To_Product_SKU" duration-ms="0" started-at="2020-12-03T11:32:50Z" finished-at="2020-12-03T11:32:50Z">
          <exception class="org.testng.TestNGException">
            <message>
              <![CDATA[
Method beforeClass requires 1 parameters but 2 were supplied in the BeforeClass annotation.]]>
            </message>
            <full-stacktrace>
              <![CDATA[org.testng.TestNGException: 
Method beforeClass requires 1 parameters but 2 were supplied in the BeforeClass annotation.
at org.testng.internal.Parameters.checkParameterTypes(Parameters.java:415)
at org.testng.internal.Parameters.createParametersForMethod(Parameters.java:356)
at org.testng.internal.Parameters.createParameters(Parameters.java:620)
at org.testng.internal.Parameters.createConfigurationParameters(Parameters.java:190)
at org.testng.internal.Invoker.invokeConfigurations(Invoker.java:209)
at org.testng.internal.Invoker.invokeConfigurations(Invoker.java:142)
at org.testng.internal.TestMethodWorker.invokeBeforeClassMethods(TestMethodWorker.java:168)
at org.testng.internal.TestMethodWorker.run(TestMethodWorker.java:105)
at org.testng.TestRunner.privateRun(TestRunner.java:648)
at org.testng.TestRunner.run(TestRunner.java:505)
at org.testng.SuiteRunner.runTest(SuiteRunner.java:455)
at org.testng.SuiteRunner.access$000(SuiteRunner.java:40)
at org.testng.SuiteRunner$SuiteWorker.run(SuiteRunner.java:489)
at org.testng.internal.thread.ThreadUtil$1.call(ThreadUtil.java:52)
at java.util.concurrent.FutureTask.run(FutureTask.java:266)
at java.util.concurrent.ThreadPoolExecutor.runWorker(ThreadPoolExecutor.java:1149)
at java.util.concurrent.ThreadPoolExecutor$Worker.run(ThreadPoolExecutor.java:624)
at java.lang.Thread.run(Thread.java:748)
]]>
            </full-stacktrace>
          </exception> <!-- org.testng.TestNGException -->
          <reporter-output>
          </reporter-output>
        </test-method> <!-- TC_07_Go_Directly_To_Product_SKU -->
        <test-method status="SKIP" signature="TC_08_Create_New_Customer()[pri:0, instance:com.nopcommerce.users.Level_10_Admin@6058e535]" name="TC_08_Create_New_Customer" duration-ms="0" started-at="2020-12-03T11:32:50Z" finished-at="2020-12-03T11:32:50Z">
          <exception class="org.testng.TestNGException">
            <message>
              <![CDATA[
Method beforeClass requires 1 parameters but 2 were supplied in the BeforeClass annotation.]]>
            </message>
            <full-stacktrace>
              <![CDATA[org.testng.TestNGException: 
Method beforeClass requires 1 parameters but 2 were supplied in the BeforeClass annotation.
at org.testng.internal.Parameters.checkParameterTypes(Parameters.java:415)
at org.testng.internal.Parameters.createParametersForMethod(Parameters.java:356)
at org.testng.internal.Parameters.createParameters(Parameters.java:620)
at org.testng.internal.Parameters.createConfigurationParameters(Parameters.java:190)
at org.testng.internal.Invoker.invokeConfigurations(Invoker.java:209)
at org.testng.internal.Invoker.invokeConfigurations(Invoker.java:142)
at org.testng.internal.TestMethodWorker.invokeBeforeClassMethods(TestMethodWorker.java:168)
at org.testng.internal.TestMethodWorker.run(TestMethodWorker.java:105)
at org.testng.TestRunner.privateRun(TestRunner.java:648)
at org.testng.TestRunner.run(TestRunner.java:505)
at org.testng.SuiteRunner.runTest(SuiteRunner.java:455)
at org.testng.SuiteRunner.access$000(SuiteRunner.java:40)
at org.testng.SuiteRunner$SuiteWorker.run(SuiteRunner.java:489)
at org.testng.internal.thread.ThreadUtil$1.call(ThreadUtil.java:52)
at java.util.concurrent.FutureTask.run(FutureTask.java:266)
at java.util.concurrent.ThreadPoolExecutor.runWorker(ThreadPoolExecutor.java:1149)
at java.util.concurrent.ThreadPoolExecutor$Worker.run(ThreadPoolExecutor.java:624)
at java.lang.Thread.run(Thread.java:748)
]]>
            </full-stacktrace>
          </exception> <!-- org.testng.TestNGException -->
          <reporter-output>
          </reporter-output>
        </test-method> <!-- TC_08_Create_New_Customer -->
        <test-method status="SKIP" signature="TC_09_Search_Custom_With_Email()[pri:0, instance:com.nopcommerce.users.Level_10_Admin@6058e535]" name="TC_09_Search_Custom_With_Email" duration-ms="0" started-at="2020-12-03T11:32:50Z" finished-at="2020-12-03T11:32:50Z">
          <exception class="org.testng.TestNGException">
            <message>
              <![CDATA[
Method beforeClass requires 1 parameters but 2 were supplied in the BeforeClass annotation.]]>
            </message>
            <full-stacktrace>
              <![CDATA[org.testng.TestNGException: 
Method beforeClass requires 1 parameters but 2 were supplied in the BeforeClass annotation.
at org.testng.internal.Parameters.checkParameterTypes(Parameters.java:415)
at org.testng.internal.Parameters.createParametersForMethod(Parameters.java:356)
at org.testng.internal.Parameters.createParameters(Parameters.java:620)
at org.testng.internal.Parameters.createConfigurationParameters(Parameters.java:190)
at org.testng.internal.Invoker.invokeConfigurations(Invoker.java:209)
at org.testng.internal.Invoker.invokeConfigurations(Invoker.java:142)
at org.testng.internal.TestMethodWorker.invokeBeforeClassMethods(TestMethodWorker.java:168)
at org.testng.internal.TestMethodWorker.run(TestMethodWorker.java:105)
at org.testng.TestRunner.privateRun(TestRunner.java:648)
at org.testng.TestRunner.run(TestRunner.java:505)
at org.testng.SuiteRunner.runTest(SuiteRunner.java:455)
at org.testng.SuiteRunner.access$000(SuiteRunner.java:40)
at org.testng.SuiteRunner$SuiteWorker.run(SuiteRunner.java:489)
at org.testng.internal.thread.ThreadUtil$1.call(ThreadUtil.java:52)
at java.util.concurrent.FutureTask.run(FutureTask.java:266)
at java.util.concurrent.ThreadPoolExecutor.runWorker(ThreadPoolExecutor.java:1149)
at java.util.concurrent.ThreadPoolExecutor$Worker.run(ThreadPoolExecutor.java:624)
at java.lang.Thread.run(Thread.java:748)
]]>
            </full-stacktrace>
          </exception> <!-- org.testng.TestNGException -->
          <reporter-output>
          </reporter-output>
        </test-method> <!-- TC_09_Search_Custom_With_Email -->
        <test-method status="SKIP" signature="TC_10_Search_Custom_With_FirstName_And_LastName()[pri:0, instance:com.nopcommerce.users.Level_10_Admin@6058e535]" name="TC_10_Search_Custom_With_FirstName_And_LastName" duration-ms="0" started-at="2020-12-03T11:32:50Z" finished-at="2020-12-03T11:32:50Z">
          <exception class="org.testng.TestNGException">
            <message>
              <![CDATA[
Method beforeClass requires 1 parameters but 2 were supplied in the BeforeClass annotation.]]>
            </message>
            <full-stacktrace>
              <![CDATA[org.testng.TestNGException: 
Method beforeClass requires 1 parameters but 2 were supplied in the BeforeClass annotation.
at org.testng.internal.Parameters.checkParameterTypes(Parameters.java:415)
at org.testng.internal.Parameters.createParametersForMethod(Parameters.java:356)
at org.testng.internal.Parameters.createParameters(Parameters.java:620)
at org.testng.internal.Parameters.createConfigurationParameters(Parameters.java:190)
at org.testng.internal.Invoker.invokeConfigurations(Invoker.java:209)
at org.testng.internal.Invoker.invokeConfigurations(Invoker.java:142)
at org.testng.internal.TestMethodWorker.invokeBeforeClassMethods(TestMethodWorker.java:168)
at org.testng.internal.TestMethodWorker.run(TestMethodWorker.java:105)
at org.testng.TestRunner.privateRun(TestRunner.java:648)
at org.testng.TestRunner.run(TestRunner.java:505)
at org.testng.SuiteRunner.runTest(SuiteRunner.java:455)
at org.testng.SuiteRunner.access$000(SuiteRunner.java:40)
at org.testng.SuiteRunner$SuiteWorker.run(SuiteRunner.java:489)
at org.testng.internal.thread.ThreadUtil$1.call(ThreadUtil.java:52)
at java.util.concurrent.FutureTask.run(FutureTask.java:266)
at java.util.concurrent.ThreadPoolExecutor.runWorker(ThreadPoolExecutor.java:1149)
at java.util.concurrent.ThreadPoolExecutor$Worker.run(ThreadPoolExecutor.java:624)
at java.lang.Thread.run(Thread.java:748)
]]>
            </full-stacktrace>
          </exception> <!-- org.testng.TestNGException -->
          <reporter-output>
          </reporter-output>
        </test-method> <!-- TC_10_Search_Custom_With_FirstName_And_LastName -->
        <test-method status="SKIP" signature="TC_11_Search_Custom_With_Customer_And_Company()[pri:0, instance:com.nopcommerce.users.Level_10_Admin@6058e535]" name="TC_11_Search_Custom_With_Customer_And_Company" duration-ms="0" started-at="2020-12-03T11:32:50Z" finished-at="2020-12-03T11:32:50Z">
          <exception class="org.testng.TestNGException">
            <message>
              <![CDATA[
Method beforeClass requires 1 parameters but 2 were supplied in the BeforeClass annotation.]]>
            </message>
            <full-stacktrace>
              <![CDATA[org.testng.TestNGException: 
Method beforeClass requires 1 parameters but 2 were supplied in the BeforeClass annotation.
at org.testng.internal.Parameters.checkParameterTypes(Parameters.java:415)
at org.testng.internal.Parameters.createParametersForMethod(Parameters.java:356)
at org.testng.internal.Parameters.createParameters(Parameters.java:620)
at org.testng.internal.Parameters.createConfigurationParameters(Parameters.java:190)
at org.testng.internal.Invoker.invokeConfigurations(Invoker.java:209)
at org.testng.internal.Invoker.invokeConfigurations(Invoker.java:142)
at org.testng.internal.TestMethodWorker.invokeBeforeClassMethods(TestMethodWorker.java:168)
at org.testng.internal.TestMethodWorker.run(TestMethodWorker.java:105)
at org.testng.TestRunner.privateRun(TestRunner.java:648)
at org.testng.TestRunner.run(TestRunner.java:505)
at org.testng.SuiteRunner.runTest(SuiteRunner.java:455)
at org.testng.SuiteRunner.access$000(SuiteRunner.java:40)
at org.testng.SuiteRunner$SuiteWorker.run(SuiteRunner.java:489)
at org.testng.internal.thread.ThreadUtil$1.call(ThreadUtil.java:52)
at java.util.concurrent.FutureTask.run(FutureTask.java:266)
at java.util.concurrent.ThreadPoolExecutor.runWorker(ThreadPoolExecutor.java:1149)
at java.util.concurrent.ThreadPoolExecutor$Worker.run(ThreadPoolExecutor.java:624)
at java.lang.Thread.run(Thread.java:748)
]]>
            </full-stacktrace>
          </exception> <!-- org.testng.TestNGException -->
          <reporter-output>
          </reporter-output>
        </test-method> <!-- TC_11_Search_Custom_With_Customer_And_Company -->
        <test-method status="SKIP" signature="TC_12_Search_Custom_With_Full_Data()[pri:0, instance:com.nopcommerce.users.Level_10_Admin@6058e535]" name="TC_12_Search_Custom_With_Full_Data" duration-ms="0" started-at="2020-12-03T11:32:50Z" finished-at="2020-12-03T11:32:50Z">
          <exception class="org.testng.TestNGException">
            <message>
              <![CDATA[
Method beforeClass requires 1 parameters but 2 were supplied in the BeforeClass annotation.]]>
            </message>
            <full-stacktrace>
              <![CDATA[org.testng.TestNGException: 
Method beforeClass requires 1 parameters but 2 were supplied in the BeforeClass annotation.
at org.testng.internal.Parameters.checkParameterTypes(Parameters.java:415)
at org.testng.internal.Parameters.createParametersForMethod(Parameters.java:356)
at org.testng.internal.Parameters.createParameters(Parameters.java:620)
at org.testng.internal.Parameters.createConfigurationParameters(Parameters.java:190)
at org.testng.internal.Invoker.invokeConfigurations(Invoker.java:209)
at org.testng.internal.Invoker.invokeConfigurations(Invoker.java:142)
at org.testng.internal.TestMethodWorker.invokeBeforeClassMethods(TestMethodWorker.java:168)
at org.testng.internal.TestMethodWorker.run(TestMethodWorker.java:105)
at org.testng.TestRunner.privateRun(TestRunner.java:648)
at org.testng.TestRunner.run(TestRunner.java:505)
at org.testng.SuiteRunner.runTest(SuiteRunner.java:455)
at org.testng.SuiteRunner.access$000(SuiteRunner.java:40)
at org.testng.SuiteRunner$SuiteWorker.run(SuiteRunner.java:489)
at org.testng.internal.thread.ThreadUtil$1.call(ThreadUtil.java:52)
at java.util.concurrent.FutureTask.run(FutureTask.java:266)
at java.util.concurrent.ThreadPoolExecutor.runWorker(ThreadPoolExecutor.java:1149)
at java.util.concurrent.ThreadPoolExecutor$Worker.run(ThreadPoolExecutor.java:624)
at java.lang.Thread.run(Thread.java:748)
]]>
            </full-stacktrace>
          </exception> <!-- org.testng.TestNGException -->
          <reporter-output>
          </reporter-output>
        </test-method> <!-- TC_12_Search_Custom_With_Full_Data -->
        <test-method status="SKIP" signature="TC_13_Edit_Customer_Add_New()[pri:0, instance:com.nopcommerce.users.Level_10_Admin@6058e535]" name="TC_13_Edit_Customer_Add_New" duration-ms="0" started-at="2020-12-03T11:32:50Z" finished-at="2020-12-03T11:32:50Z">
          <exception class="org.testng.TestNGException">
            <message>
              <![CDATA[
Method beforeClass requires 1 parameters but 2 were supplied in the BeforeClass annotation.]]>
            </message>
            <full-stacktrace>
              <![CDATA[org.testng.TestNGException: 
Method beforeClass requires 1 parameters but 2 were supplied in the BeforeClass annotation.
at org.testng.internal.Parameters.checkParameterTypes(Parameters.java:415)
at org.testng.internal.Parameters.createParametersForMethod(Parameters.java:356)
at org.testng.internal.Parameters.createParameters(Parameters.java:620)
at org.testng.internal.Parameters.createConfigurationParameters(Parameters.java:190)
at org.testng.internal.Invoker.invokeConfigurations(Invoker.java:209)
at org.testng.internal.Invoker.invokeConfigurations(Invoker.java:142)
at org.testng.internal.TestMethodWorker.invokeBeforeClassMethods(TestMethodWorker.java:168)
at org.testng.internal.TestMethodWorker.run(TestMethodWorker.java:105)
at org.testng.TestRunner.privateRun(TestRunner.java:648)
at org.testng.TestRunner.run(TestRunner.java:505)
at org.testng.SuiteRunner.runTest(SuiteRunner.java:455)
at org.testng.SuiteRunner.access$000(SuiteRunner.java:40)
at org.testng.SuiteRunner$SuiteWorker.run(SuiteRunner.java:489)
at org.testng.internal.thread.ThreadUtil$1.call(ThreadUtil.java:52)
at java.util.concurrent.FutureTask.run(FutureTask.java:266)
at java.util.concurrent.ThreadPoolExecutor.runWorker(ThreadPoolExecutor.java:1149)
at java.util.concurrent.ThreadPoolExecutor$Worker.run(ThreadPoolExecutor.java:624)
at java.lang.Thread.run(Thread.java:748)
]]>
            </full-stacktrace>
          </exception> <!-- org.testng.TestNGException -->
          <reporter-output>
          </reporter-output>
        </test-method> <!-- TC_13_Edit_Customer_Add_New -->
        <test-method status="SKIP" signature="TC_14_Add_New_Address_In_Customer_Detail()[pri:0, instance:com.nopcommerce.users.Level_10_Admin@6058e535]" name="TC_14_Add_New_Address_In_Customer_Detail" duration-ms="0" started-at="2020-12-03T11:32:50Z" finished-at="2020-12-03T11:32:50Z">
          <exception class="org.testng.TestNGException">
            <message>
              <![CDATA[
Method beforeClass requires 1 parameters but 2 were supplied in the BeforeClass annotation.]]>
            </message>
            <full-stacktrace>
              <![CDATA[org.testng.TestNGException: 
Method beforeClass requires 1 parameters but 2 were supplied in the BeforeClass annotation.
at org.testng.internal.Parameters.checkParameterTypes(Parameters.java:415)
at org.testng.internal.Parameters.createParametersForMethod(Parameters.java:356)
at org.testng.internal.Parameters.createParameters(Parameters.java:620)
at org.testng.internal.Parameters.createConfigurationParameters(Parameters.java:190)
at org.testng.internal.Invoker.invokeConfigurations(Invoker.java:209)
at org.testng.internal.Invoker.invokeConfigurations(Invoker.java:142)
at org.testng.internal.TestMethodWorker.invokeBeforeClassMethods(TestMethodWorker.java:168)
at org.testng.internal.TestMethodWorker.run(TestMethodWorker.java:105)
at org.testng.TestRunner.privateRun(TestRunner.java:648)
at org.testng.TestRunner.run(TestRunner.java:505)
at org.testng.SuiteRunner.runTest(SuiteRunner.java:455)
at org.testng.SuiteRunner.access$000(SuiteRunner.java:40)
at org.testng.SuiteRunner$SuiteWorker.run(SuiteRunner.java:489)
at org.testng.internal.thread.ThreadUtil$1.call(ThreadUtil.java:52)
at java.util.concurrent.FutureTask.run(FutureTask.java:266)
at java.util.concurrent.ThreadPoolExecutor.runWorker(ThreadPoolExecutor.java:1149)
at java.util.concurrent.ThreadPoolExecutor$Worker.run(ThreadPoolExecutor.java:624)
at java.lang.Thread.run(Thread.java:748)
]]>
            </full-stacktrace>
          </exception> <!-- org.testng.TestNGException -->
          <reporter-output>
          </reporter-output>
        </test-method> <!-- TC_14_Add_New_Address_In_Customer_Detail -->
        <test-method status="SKIP" signature="TC_15_Delete_New_Address_In_Customer_Detail()[pri:0, instance:com.nopcommerce.users.Level_10_Admin@6058e535]" name="TC_15_Delete_New_Address_In_Customer_Detail" duration-ms="0" started-at="2020-12-03T11:32:50Z" finished-at="2020-12-03T11:32:50Z">
          <exception class="org.testng.TestNGException">
            <message>
              <![CDATA[
Method beforeClass requires 1 parameters but 2 were supplied in the BeforeClass annotation.]]>
            </message>
            <full-stacktrace>
              <![CDATA[org.testng.TestNGException: 
Method beforeClass requires 1 parameters but 2 were supplied in the BeforeClass annotation.
at org.testng.internal.Parameters.checkParameterTypes(Parameters.java:415)
at org.testng.internal.Parameters.createParametersForMethod(Parameters.java:356)
at org.testng.internal.Parameters.createParameters(Parameters.java:620)
at org.testng.internal.Parameters.createConfigurationParameters(Parameters.java:190)
at org.testng.internal.Invoker.invokeConfigurations(Invoker.java:209)
at org.testng.internal.Invoker.invokeConfigurations(Invoker.java:142)
at org.testng.internal.TestMethodWorker.invokeBeforeClassMethods(TestMethodWorker.java:168)
at org.testng.internal.TestMethodWorker.run(TestMethodWorker.java:105)
at org.testng.TestRunner.privateRun(TestRunner.java:648)
at org.testng.TestRunner.run(TestRunner.java:505)
at org.testng.SuiteRunner.runTest(SuiteRunner.java:455)
at org.testng.SuiteRunner.access$000(SuiteRunner.java:40)
at org.testng.SuiteRunner$SuiteWorker.run(SuiteRunner.java:489)
at org.testng.internal.thread.ThreadUtil$1.call(ThreadUtil.java:52)
at java.util.concurrent.FutureTask.run(FutureTask.java:266)
at java.util.concurrent.ThreadPoolExecutor.runWorker(ThreadPoolExecutor.java:1149)
at java.util.concurrent.ThreadPoolExecutor$Worker.run(ThreadPoolExecutor.java:624)
at java.lang.Thread.run(Thread.java:748)
]]>
            </full-stacktrace>
          </exception> <!-- org.testng.TestNGException -->
          <reporter-output>
          </reporter-output>
        </test-method> <!-- TC_15_Delete_New_Address_In_Customer_Detail -->
        <test-method status="SKIP" signature="afterClass()[pri:0, instance:com.nopcommerce.users.Level_10_Admin@6058e535]" name="afterClass" is-config="true" duration-ms="0" started-at="2020-12-03T11:32:50Z" finished-at="2020-12-03T11:32:50Z">
          <reporter-output>
          </reporter-output>
        </test-method> <!-- afterClass -->
      </class> <!-- com.nopcommerce.users.Level_10_Admin -->
    </test> <!-- Run on chrome UI -->
  </suite> <!-- Suite -->
</testng-results>
