<?xml version="1.0" encoding="UTF-8"?>
<testng-results skipped="0" failed="0" ignored="0" total="1" passed="1">
  <reporter-output>
  </reporter-output>
  <suite name="Suite" duration-ms="20045" started-at="2020-12-04T08:27:39Z" finished-at="2020-12-04T08:27:59Z">
    <groups>
    </groups>
    <test name="Run on Firefox UI" duration-ms="20045" started-at="2020-12-04T08:27:39Z" finished-at="2020-12-04T08:27:59Z">
      <class name="com.nopcommerce.users.TestSum">
        <test-method status="PASS" signature="beforeClass(java.lang.String, java.lang.String)[pri:0, instance:com.nopcommerce.users.TestSum@324dcd31]" name="beforeClass" is-config="true" duration-ms="7447" started-at="2020-12-04T08:27:39Z" finished-at="2020-12-04T08:27:46Z">
          <params>
            <param index="0">
              <value>
                <![CDATA[firefox_ui]]>
              </value>
            </param>
            <param index="1">
              <value>
                <![CDATA[https://kyna.vn/]]>
              </value>
            </param>
          </params>
          <reporter-output>
          </reporter-output>
        </test-method> <!-- beforeClass -->
        <test-method status="PASS" signature="TC_03_Random_Popup()[pri:0, instance:com.nopcommerce.users.TestSum@324dcd31]" name="TC_03_Random_Popup" duration-ms="11891" started-at="2020-12-04T08:27:46Z" finished-at="2020-12-04T08:27:58Z">
          <reporter-output>
          </reporter-output>
        </test-method> <!-- TC_03_Random_Popup -->
        <test-method status="PASS" signature="afterClass()[pri:0, instance:com.nopcommerce.users.TestSum@324dcd31]" name="afterClass" is-config="true" duration-ms="545" started-at="2020-12-04T08:27:58Z" finished-at="2020-12-04T08:27:59Z">
          <reporter-output>
          </reporter-output>
        </test-method> <!-- afterClass -->
      </class> <!-- com.nopcommerce.users.TestSum -->
    </test> <!-- Run on Firefox UI -->
  </suite> <!-- Suite -->
</testng-results>
